Using pre-set license
Built from '2020.3/staging' branch; Version is '2020.3.0f1 (c7b5465681fb) revision 13088070'; Using compiler version '192528614'; Build Type 'Release'
OS: 'Windows 10 Pro; OS build 19042.1237; Version 2009; 64bit' Language: 'en' Physical Memory: 32727 MB
BatchMode: 1, IsHumanControllingUs: 0, StartBugReporterOnCrash: 0, Is64bit: 1, IsPro: 0

 COMMAND LINE ARGUMENTS:
D:\Program Files\Unity\2020.3.0f1\Editor\Unity.exe
-adb2
-batchMode
-noUpm
-name
AssetImportWorker0
-projectPath
C:/Users/MJF/OneDrive/Documents/UnityProjects/Cayley/Cayley
-logFile
Logs/AssetImportWorker0.log
-srvPort
56600
Successfully changed project path to: C:/Users/MJF/OneDrive/Documents/UnityProjects/Cayley/Cayley
C:/Users/MJF/OneDrive/Documents/UnityProjects/Cayley/Cayley
Using Asset Import Pipeline V2.
Refreshing native plugins compatible for Editor in 36.61 ms, found 0 plugins.
Preloading 0 native plugins for Editor in 0.00 ms.
Initialize engine version: 2020.3.0f1 (c7b5465681fb)
[Subsystems] Discovering subsystems at path D:/Program Files/Unity/2020.3.0f1/Editor/Data/Resources/UnitySubsystems
[Subsystems] Discovering subsystems at path C:/Users/MJF/OneDrive/Documents/UnityProjects/Cayley/Cayley/Assets
GfxDevice: creating device client; threaded=0
Direct3D:
    Version:  Direct3D 11.0 [level 11.1]
    Renderer: NVIDIA GeForce GTX 1060 6GB (ID=0x1c03)
    Vendor:   
    VRAM:     6052 MB
    Driver:   27.21.14.6192
Initialize mono
Mono path[0] = 'D:/Program Files/Unity/2020.3.0f1/Editor/Data/Managed'
Mono path[1] = 'D:/Program Files/Unity/2020.3.0f1/Editor/Data/MonoBleedingEdge/lib/mono/unityjit'
Mono config path = 'D:/Program Files/Unity/2020.3.0f1/Editor/Data/MonoBleedingEdge/etc'
Using monoOptions --debugger-agent=transport=dt_socket,embedding=1,server=y,suspend=n,address=127.0.0.1:56104
Begin MonoManager ReloadAssembly
Registering precompiled unity dll's ...
Register platform support module: D:/Program Files/Unity/2020.3.0f1/Editor/Data/PlaybackEngines/WebGLSupport/UnityEditor.WebGL.Extensions.dll
Register platform support module: D:/Program Files/Unity/2020.3.0f1/Editor/Data/PlaybackEngines/WindowsStandaloneSupport/UnityEditor.WindowsStandalone.Extensions.dll
Registered in 0.268018 seconds.
Native extension for WindowsStandalone target not found
Native extension for WebGL target not found
Refreshing native plugins compatible for Editor in 32.06 ms, found 0 plugins.
Preloading 0 native plugins for Editor in 0.00 ms.
Invoked RoslynAnalysisRunner static constructor.
RoslynAnalysisRunner will not be running.
RoslynAnalysisRunner has terminated.
Mono: successfully reloaded assembly
- Completed reload, in  4.500 seconds
Platform modules already initialized, skipping
Registering precompiled user dll's ...
Registered in 0.047299 seconds.
Begin MonoManager ReloadAssembly
Native extension for WindowsStandalone target not found
Native extension for WebGL target not found
Refreshing native plugins compatible for Editor in 27.33 ms, found 0 plugins.
Preloading 0 native plugins for Editor in 0.00 ms.
Invoked RoslynAnalysisRunner static constructor.
RoslynAnalysisRunner will not be running.
RoslynAnalysisRunner has terminated.
Mono: successfully reloaded assembly
- Completed reload, in  1.941 seconds
Platform modules already initialized, skipping
========================================================================
Worker process is ready to serve import requests
Launched and connected shader compiler UnityShaderCompiler.exe after 0.06 seconds
Refreshing native plugins compatible for Editor in 0.22 ms, found 0 plugins.
Preloading 0 native plugins for Editor in 0.00 ms.
Unloading 1431 Unused Serialized files (Serialized files now loaded: 0)
System memory in use before: 81.6 MB.
System memory in use after: 81.6 MB.

Unloading 12 unused Assets to reduce memory usage. Loaded Objects now: 1893.
Total: 1.855500 ms (FindLiveObjects: 0.164000 ms CreateObjectMapping: 0.049200 ms MarkObjects: 1.548400 ms  DeleteObjects: 0.092900 ms)

========================================================================
Received Import Request.
  path: Assets/New Material.mat
  artifactKey: Guid(bb008ebfe3bd64a4197a69f3ae6e3a1b) Importer(815301076,1909f56bfc062723c751e8b465ee728b)
Start importing Assets/New Material.mat using Guid(bb008ebfe3bd64a4197a69f3ae6e3a1b) Importer(815301076,1909f56bfc062723c751e8b465ee728b)  -> (artifact id: '0cd8c7f08ed752d829a935b56bcb71ac') in 0.111775 seconds
  Import took 0.115696 seconds .

========================================================================
Received Import Request.
  Time since last request: 21.475771 seconds.
  path: Assets/Materials
  artifactKey: Guid(9bd8e6c1ff4a6ae4aad76b40c3396741) Importer(815301076,1909f56bfc062723c751e8b465ee728b)
Start importing Assets/Materials using Guid(9bd8e6c1ff4a6ae4aad76b40c3396741) Importer(815301076,1909f56bfc062723c751e8b465ee728b)  -> (artifact id: '0147e7091f2956412ce2e74bbef5f6d1') in 0.010656 seconds
  Import took 0.017114 seconds .

========================================================================
Received Import Request.
  Time since last request: 26.262837 seconds.
  path: Assets/Terrain
  artifactKey: Guid(4188341577e46d74aa4314cc625e996e) Importer(815301076,1909f56bfc062723c751e8b465ee728b)
Start importing Assets/Terrain using Guid(4188341577e46d74aa4314cc625e996e) Importer(815301076,1909f56bfc062723c751e8b465ee728b)  -> (artifact id: '2a663155fade1c4995bedb6441b5a289') in 0.009850 seconds
  Import took 0.014625 seconds .

========================================================================
Received Prepare
Registering precompiled user dll's ...
Registered in 0.000830 seconds.
Begin MonoManager ReloadAssembly
Native extension for WindowsStandalone target not found
Native extension for WebGL target not found
Refreshing native plugins compatible for Editor in 0.23 ms, found 0 plugins.
Preloading 0 native plugins for Editor in 0.00 ms.
Invoked RoslynAnalysisRunner static constructor.
RoslynAnalysisRunner will not be running.
RoslynAnalysisRunner has terminated.
Mono: successfully reloaded assembly
- Completed reload, in  0.721 seconds
Platform modules already initialized, skipping
Refreshing native plugins compatible for Editor in 0.27 ms, found 0 plugins.
Preloading 0 native plugins for Editor in 0.00 ms.
Unloading 1413 Unused Serialized files (Serialized files now loaded: 0)
System memory in use before: 84.0 MB.
System memory in use after: 84.1 MB.

Unloading 5 unused Assets to reduce memory usage. Loaded Objects now: 1935.
Total: 2.190900 ms (FindLiveObjects: 0.284900 ms CreateObjectMapping: 0.094700 ms MarkObjects: 1.743200 ms  DeleteObjects: 0.066900 ms)

AssetImportWorkerClient::OnTransportError - code=2 error=End of file
